--------------------------------------------------------------------------------
Date: 28-May-2024_12-59-51
--------------------------------------------------------------------------------
Loading project: "e4exombase"
Model Error: C:\Exxon\SVNRepo\trunk\e4exombase\extensions\RqrmtMgmt\LOVs\e4_regreqlevel_lov.xml Line:14 Column:18 Property "e4RequirementLevel" is not attached to Business Object "E4RegulatoryReqRevision" in TcLOVAttachPropertyInfo element. ( Template Name : "e4exombase" )
Model Error: C:\Exxon\SVNRepo\trunk\e4exombase\extensions\RqrmtMgmt\LOVs\e4_coreadditional_lov.xml Line:12 Column:18 Property "e4CoreAdditional" is not attached to Business Object "E4ProductInstance" in TcLOVAttachPropertyInfo element. ( Template Name : "e4exombase" )
Model Error: C:\Exxon\SVNRepo\trunk\e4exombase\extensions\RqrmtMgmt\LOVs\e4_verificationstatus_lov.xml Line:12 Column:18 Property "e4VerificationStatus" is not attached to Business Object "E4ProductInstance" in TcLOVAttachPropertyInfo element. ( Template Name : "e4exombase" )
Model Error: C:\Exxon\SVNRepo\trunk\e4exombase\extensions\RqrmtMgmt\LOVs\e4_testresults_lov.xml Line:12 Column:18 Property "e4TestResults" is not attached to Business Object "E4ProductInstance" in TcLOVAttachPropertyInfo element. ( Template Name : "e4exombase" )
Model Error: C:\Exxon\SVNRepo\trunk\e4exombase\extensions\RqrmtMgmt\LOVs\e4_chemphyprop_lov.xml Line:6 Column:41 Undefined Business Object "E4PhyChemProp" (typeName) in LOVDynamic element. ( Template Name : "e4exombase" )
--------------------------------------------------------------------------------
--------------------------------------------------------------------------------
Date: 28-May-2024_13-00-56
--------------------------------------------------------------------------------
Loading project: "e4exombase"
Model Error: C:\Exxon\SVNRepo\trunk\e4exombase\extensions\RqrmtMgmt\LOVs\e4_chemphyprop_lov.xml Line:6 Column:41 Undefined Business Object "E4PhyChemProp" (typeName) in LOVDynamic element. ( Template Name : "e4exombase" )
--------------------------------------------------------------------------------
--------------------------------------------------------------------------------
Date: 28-May-2024_13-01-34
--------------------------------------------------------------------------------
Loading project: "e4exombase"
Model Error: C:\Exxon\SVNRepo\trunk\e4exombase\extensions\RqrmtMgmt\LOVs\e4_chemphyprop_lov.xml Line:6 Column:41 Undefined Business Object "E4PhyChemProp" (typeName) in LOVDynamic element. ( Template Name : "e4exombase" )
--------------------------------------------------------------------------------
--------------------------------------------------------------------------------
Date: 28-May-2024_13-03-21
--------------------------------------------------------------------------------
Loading project: "e4exombase"
Model Error: C:\Exxon\SVNRepo\trunk\e4exombase\extensions\RqrmtMgmt\LOVs\e4_chemphyprop_lov.xml Line:6 Column:41 Undefined Business Object "E4PhyChemProp" (typeName) in LOVDynamic element. ( Template Name : "e4exombase" )
--------------------------------------------------------------------------------
--------------------------------------------------------------------------------
Date: 06-Jun-2024_11-41-46
--------------------------------------------------------------------------------
Loading project: "e4exombase"
Model Information: C:\Exxon\TC14\tc_root\bmide\templates\arm1awreqmgmtse_template.xml Line:89 Column:131 The element(Event Type = Arm1ImportAsCopyComplete)( defined in C:\Exxon\TC14\tc_root\bmide\templates\arm1awreqmgmtse_template.xml ) is identical to the element defined in C:\Exxon\TC14\tc_root\bmide\templates\arm1awreqmgmtse_template.xml. Hence the element( defined in C:\Exxon\TC14\tc_root\bmide\templates\arm1awreqmgmtse_template.xml ) was ignored and not loaded.
Model Information: C:\Exxon\TC14\tc_root\bmide\templates\arm1awreqmgmtse_template.xml Line:91 Column:307 The element(Event Type Mapping = WorkspaceObject:Arm1ImportAsCopyComplete)( defined in C:\Exxon\TC14\tc_root\bmide\templates\arm1awreqmgmtse_template.xml ) is identical to the element defined in C:\Exxon\TC14\tc_root\bmide\templates\arm1awreqmgmtse_template.xml. Hence the element( defined in C:\Exxon\TC14\tc_root\bmide\templates\arm1awreqmgmtse_template.xml ) was ignored and not loaded.
--------------------------------------------------------------------------------
--------------------------------------------------------------------------------
Date: 06-Jun-2024_11-56-20
--------------------------------------------------------------------------------
Loading project: "e4exombase"
Model Information: C:\Exxon\TC14\tc_root\bmide\templates\arm1awreqmgmtse_template.xml Line:89 Column:131 The element(Event Type = Arm1ImportAsCopyComplete)( defined in C:\Exxon\TC14\tc_root\bmide\templates\arm1awreqmgmtse_template.xml ) is identical to the element defined in C:\Exxon\TC14\tc_root\bmide\templates\arm1awreqmgmtse_template.xml. Hence the element( defined in C:\Exxon\TC14\tc_root\bmide\templates\arm1awreqmgmtse_template.xml ) was ignored and not loaded.
Model Information: C:\Exxon\TC14\tc_root\bmide\templates\arm1awreqmgmtse_template.xml Line:91 Column:307 The element(Event Type Mapping = WorkspaceObject:Arm1ImportAsCopyComplete)( defined in C:\Exxon\TC14\tc_root\bmide\templates\arm1awreqmgmtse_template.xml ) is identical to the element defined in C:\Exxon\TC14\tc_root\bmide\templates\arm1awreqmgmtse_template.xml. Hence the element( defined in C:\Exxon\TC14\tc_root\bmide\templates\arm1awreqmgmtse_template.xml ) was ignored and not loaded.
--------------------------------------------------------------------------------
--------------------------------------------------------------------------------
Date: 06-Jun-2024_12-05-26
--------------------------------------------------------------------------------
Loading project: "e4exombase"
Model Information: C:\Exxon\TC14\tc_root\bmide\templates\arm1awreqmgmtse_template.xml Line:89 Column:131 The element(Event Type = Arm1ImportAsCopyComplete)( defined in C:\Exxon\TC14\tc_root\bmide\templates\arm1awreqmgmtse_template.xml ) is identical to the element defined in C:\Exxon\TC14\tc_root\bmide\templates\arm1awreqmgmtse_template.xml. Hence the element( defined in C:\Exxon\TC14\tc_root\bmide\templates\arm1awreqmgmtse_template.xml ) was ignored and not loaded.
Model Information: C:\Exxon\TC14\tc_root\bmide\templates\arm1awreqmgmtse_template.xml Line:91 Column:307 The element(Event Type Mapping = WorkspaceObject:Arm1ImportAsCopyComplete)( defined in C:\Exxon\TC14\tc_root\bmide\templates\arm1awreqmgmtse_template.xml ) is identical to the element defined in C:\Exxon\TC14\tc_root\bmide\templates\arm1awreqmgmtse_template.xml. Hence the element( defined in C:\Exxon\TC14\tc_root\bmide\templates\arm1awreqmgmtse_template.xml ) was ignored and not loaded.
--------------------------------------------------------------------------------
--------------------------------------------------------------------------------
Date: 06-Jun-2024_12-14-26
--------------------------------------------------------------------------------
Loading project: "e4exombase"
Model Information: C:\Exxon\TC14\tc_root\bmide\templates\arm1awreqmgmtse_template.xml Line:89 Column:131 The element(Event Type = Arm1ImportAsCopyComplete)( defined in C:\Exxon\TC14\tc_root\bmide\templates\arm1awreqmgmtse_template.xml ) is identical to the element defined in C:\Exxon\TC14\tc_root\bmide\templates\arm1awreqmgmtse_template.xml. Hence the element( defined in C:\Exxon\TC14\tc_root\bmide\templates\arm1awreqmgmtse_template.xml ) was ignored and not loaded.
Model Information: C:\Exxon\TC14\tc_root\bmide\templates\arm1awreqmgmtse_template.xml Line:91 Column:307 The element(Event Type Mapping = WorkspaceObject:Arm1ImportAsCopyComplete)( defined in C:\Exxon\TC14\tc_root\bmide\templates\arm1awreqmgmtse_template.xml ) is identical to the element defined in C:\Exxon\TC14\tc_root\bmide\templates\arm1awreqmgmtse_template.xml. Hence the element( defined in C:\Exxon\TC14\tc_root\bmide\templates\arm1awreqmgmtse_template.xml ) was ignored and not loaded.
--------------------------------------------------------------------------------
--------------------------------------------------------------------------------
Date: 06-Jun-2024_12-23-08
--------------------------------------------------------------------------------
Loading project: "e4exombase"
Model Information: C:\Exxon\TC14\tc_root\bmide\templates\arm1awreqmgmtse_template.xml Line:89 Column:131 The element(Event Type = Arm1ImportAsCopyComplete)( defined in C:\Exxon\TC14\tc_root\bmide\templates\arm1awreqmgmtse_template.xml ) is identical to the element defined in C:\Exxon\TC14\tc_root\bmide\templates\arm1awreqmgmtse_template.xml. Hence the element( defined in C:\Exxon\TC14\tc_root\bmide\templates\arm1awreqmgmtse_template.xml ) was ignored and not loaded.
Model Information: C:\Exxon\TC14\tc_root\bmide\templates\arm1awreqmgmtse_template.xml Line:91 Column:307 The element(Event Type Mapping = WorkspaceObject:Arm1ImportAsCopyComplete)( defined in C:\Exxon\TC14\tc_root\bmide\templates\arm1awreqmgmtse_template.xml ) is identical to the element defined in C:\Exxon\TC14\tc_root\bmide\templates\arm1awreqmgmtse_template.xml. Hence the element( defined in C:\Exxon\TC14\tc_root\bmide\templates\arm1awreqmgmtse_template.xml ) was ignored and not loaded.
--------------------------------------------------------------------------------
--------------------------------------------------------------------------------
Date: 06-Jun-2024_12-24-24
--------------------------------------------------------------------------------
Loading project: "e4exombase"
Model Information: C:\Exxon\TC14\tc_root\bmide\templates\arm1awreqmgmtse_template.xml Line:89 Column:131 The element(Event Type = Arm1ImportAsCopyComplete)( defined in C:\Exxon\TC14\tc_root\bmide\templates\arm1awreqmgmtse_template.xml ) is identical to the element defined in C:\Exxon\TC14\tc_root\bmide\templates\arm1awreqmgmtse_template.xml. Hence the element( defined in C:\Exxon\TC14\tc_root\bmide\templates\arm1awreqmgmtse_template.xml ) was ignored and not loaded.
Model Information: C:\Exxon\TC14\tc_root\bmide\templates\arm1awreqmgmtse_template.xml Line:91 Column:307 The element(Event Type Mapping = WorkspaceObject:Arm1ImportAsCopyComplete)( defined in C:\Exxon\TC14\tc_root\bmide\templates\arm1awreqmgmtse_template.xml ) is identical to the element defined in C:\Exxon\TC14\tc_root\bmide\templates\arm1awreqmgmtse_template.xml. Hence the element( defined in C:\Exxon\TC14\tc_root\bmide\templates\arm1awreqmgmtse_template.xml ) was ignored and not loaded.
--------------------------------------------------------------------------------
--------------------------------------------------------------------------------
Date: 06-Jun-2024_22-32-24
--------------------------------------------------------------------------------
Loading project: "e4exombase"
Model Information: C:\Exxon\TC14\tc_root\bmide\templates\arm1awreqmgmtse_template.xml Line:89 Column:131 The element(Event Type = Arm1ImportAsCopyComplete)( defined in C:\Exxon\TC14\tc_root\bmide\templates\arm1awreqmgmtse_template.xml ) is identical to the element defined in C:\Exxon\TC14\tc_root\bmide\templates\arm1awreqmgmtse_template.xml. Hence the element( defined in C:\Exxon\TC14\tc_root\bmide\templates\arm1awreqmgmtse_template.xml ) was ignored and not loaded.
Model Information: C:\Exxon\TC14\tc_root\bmide\templates\arm1awreqmgmtse_template.xml Line:91 Column:307 The element(Event Type Mapping = WorkspaceObject:Arm1ImportAsCopyComplete)( defined in C:\Exxon\TC14\tc_root\bmide\templates\arm1awreqmgmtse_template.xml ) is identical to the element defined in C:\Exxon\TC14\tc_root\bmide\templates\arm1awreqmgmtse_template.xml. Hence the element( defined in C:\Exxon\TC14\tc_root\bmide\templates\arm1awreqmgmtse_template.xml ) was ignored and not loaded.
--------------------------------------------------------------------------------
--------------------------------------------------------------------------------
Date: 10-Jun-2024_11-43-31
--------------------------------------------------------------------------------
Loading project: "e4exombase"
Model Error: C:\Exxon\SVNRepo\trunk\e4exombase\extensions\RqrmtMgmt\Rules\e4grmrules.xml Line:7 Column:53 Undefined Business Object "E4RequirementCustodian" (secondaryTypeName) in TcGRMRule element. ( Template Name : "e4exombase" )
Model Error: C:\Exxon\SVNRepo\trunk\e4exombase\extensions\RqrmtMgmt\Rules\e4grmrules.xml Line:11 Column:53 Undefined Business Object "E4RequirementOwner" (secondaryTypeName) in TcGRMRule element. ( Template Name : "e4exombase" )
Model Information: C:\Exxon\TC14\tc_root\bmide\templates\arm1awreqmgmtse_template.xml Line:89 Column:131 The element(Event Type = Arm1ImportAsCopyComplete)( defined in C:\Exxon\TC14\tc_root\bmide\templates\arm1awreqmgmtse_template.xml ) is identical to the element defined in C:\Exxon\TC14\tc_root\bmide\templates\arm1awreqmgmtse_template.xml. Hence the element( defined in C:\Exxon\TC14\tc_root\bmide\templates\arm1awreqmgmtse_template.xml ) was ignored and not loaded.
Model Information: C:\Exxon\TC14\tc_root\bmide\templates\arm1awreqmgmtse_template.xml Line:91 Column:307 The element(Event Type Mapping = WorkspaceObject:Arm1ImportAsCopyComplete)( defined in C:\Exxon\TC14\tc_root\bmide\templates\arm1awreqmgmtse_template.xml ) is identical to the element defined in C:\Exxon\TC14\tc_root\bmide\templates\arm1awreqmgmtse_template.xml. Hence the element( defined in C:\Exxon\TC14\tc_root\bmide\templates\arm1awreqmgmtse_template.xml ) was ignored and not loaded.
--------------------------------------------------------------------------------
--------------------------------------------------------------------------------
Date: 10-Jun-2024_11-44-51
--------------------------------------------------------------------------------
Loading project: "e4exombase"
Model Information: C:\Exxon\TC14\tc_root\bmide\templates\arm1awreqmgmtse_template.xml Line:89 Column:131 The element(Event Type = Arm1ImportAsCopyComplete)( defined in C:\Exxon\TC14\tc_root\bmide\templates\arm1awreqmgmtse_template.xml ) is identical to the element defined in C:\Exxon\TC14\tc_root\bmide\templates\arm1awreqmgmtse_template.xml. Hence the element( defined in C:\Exxon\TC14\tc_root\bmide\templates\arm1awreqmgmtse_template.xml ) was ignored and not loaded.
Model Information: C:\Exxon\TC14\tc_root\bmide\templates\arm1awreqmgmtse_template.xml Line:91 Column:307 The element(Event Type Mapping = WorkspaceObject:Arm1ImportAsCopyComplete)( defined in C:\Exxon\TC14\tc_root\bmide\templates\arm1awreqmgmtse_template.xml ) is identical to the element defined in C:\Exxon\TC14\tc_root\bmide\templates\arm1awreqmgmtse_template.xml. Hence the element( defined in C:\Exxon\TC14\tc_root\bmide\templates\arm1awreqmgmtse_template.xml ) was ignored and not loaded.
--------------------------------------------------------------------------------
--------------------------------------------------------------------------------
Date: 10-Jun-2024_16-12-31
--------------------------------------------------------------------------------
Loading project: "e4exombase"
Model Information: C:\Exxon\TC14\tc_root\bmide\templates\arm1awreqmgmtse_template.xml Line:89 Column:131 The element(Event Type = Arm1ImportAsCopyComplete)( defined in C:\Exxon\TC14\tc_root\bmide\templates\arm1awreqmgmtse_template.xml ) is identical to the element defined in C:\Exxon\TC14\tc_root\bmide\templates\arm1awreqmgmtse_template.xml. Hence the element( defined in C:\Exxon\TC14\tc_root\bmide\templates\arm1awreqmgmtse_template.xml ) was ignored and not loaded.
Model Information: C:\Exxon\TC14\tc_root\bmide\templates\arm1awreqmgmtse_template.xml Line:91 Column:307 The element(Event Type Mapping = WorkspaceObject:Arm1ImportAsCopyComplete)( defined in C:\Exxon\TC14\tc_root\bmide\templates\arm1awreqmgmtse_template.xml ) is identical to the element defined in C:\Exxon\TC14\tc_root\bmide\templates\arm1awreqmgmtse_template.xml. Hence the element( defined in C:\Exxon\TC14\tc_root\bmide\templates\arm1awreqmgmtse_template.xml ) was ignored and not loaded.
--------------------------------------------------------------------------------
--------------------------------------------------------------------------------
Date: 10-Jun-2024_16-39-37
--------------------------------------------------------------------------------
Loading project: "e4exombase"
Model Information: C:\Exxon\TC14\tc_root\bmide\templates\arm1awreqmgmtse_template.xml Line:89 Column:131 The element(Event Type = Arm1ImportAsCopyComplete)( defined in C:\Exxon\TC14\tc_root\bmide\templates\arm1awreqmgmtse_template.xml ) is identical to the element defined in C:\Exxon\TC14\tc_root\bmide\templates\arm1awreqmgmtse_template.xml. Hence the element( defined in C:\Exxon\TC14\tc_root\bmide\templates\arm1awreqmgmtse_template.xml ) was ignored and not loaded.
Model Information: C:\Exxon\TC14\tc_root\bmide\templates\arm1awreqmgmtse_template.xml Line:91 Column:307 The element(Event Type Mapping = WorkspaceObject:Arm1ImportAsCopyComplete)( defined in C:\Exxon\TC14\tc_root\bmide\templates\arm1awreqmgmtse_template.xml ) is identical to the element defined in C:\Exxon\TC14\tc_root\bmide\templates\arm1awreqmgmtse_template.xml. Hence the element( defined in C:\Exxon\TC14\tc_root\bmide\templates\arm1awreqmgmtse_template.xml ) was ignored and not loaded.
--------------------------------------------------------------------------------
--------------------------------------------------------------------------------
Date: 10-Jun-2024_17-06-16
--------------------------------------------------------------------------------
Loading project: "e4exombase"
Model Error: D:\TeamcenterX\tc_root\bmide\workspace\14000.0.0\e4exombase\extensions\RqrmtMgmt\BusinessObjects\ReqObjects\e4marketingreqelementsummary.xml Line:57 Column:20 Undefined Business Object "Arm0RequirementElement" (parentTypeName) in TcRuntimeType element. ( Template Name : "e4exombase" )
Model Error: D:\TeamcenterX\tc_root\bmide\workspace\14000.0.0\e4exombase\extensions\RqrmtMgmt\BusinessObjects\ReqObjects\e4technicalreqelementsummary.xml Line:45 Column:20 Undefined Business Object "Arm0RequirementElement" (parentTypeName) in TcRuntimeType element. ( Template Name : "e4exombase" )
Model Error: D:\TeamcenterX\tc_root\bmide\workspace\14000.0.0\e4exombase\extensions\RqrmtMgmt\BusinessObjects\ReqObjects\e4regulatoryreqelementsummary.xml Line:49 Column:20 Undefined Business Object "Arm0RequirementElement" (parentTypeName) in TcRuntimeType element. ( Template Name : "e4exombase" )
Model Error: D:\TeamcenterX\tc_root\bmide\workspace\14000.0.0\e4exombase\extensions\RqrmtMgmt\Editors\e4globalconstants.xml Line:6 Column:29 Undefined constant name "Awb0SupportsStructure". ( Template Name : "e4exombase" )
Model Error: D:\TeamcenterX\tc_root\bmide\workspace\14000.0.0\e4exombase\extensions\RqrmtMgmt\Editors\e4globalconstants.xml Line:9 Column:29 Undefined constant name "Awb0SupportsStructure". ( Template Name : "e4exombase" )
Model Error: D:\TeamcenterX\tc_root\bmide\workspace\14000.0.0\e4exombase\extensions\RqrmtMgmt\Editors\e4globalconstants.xml Line:12 Column:29 Undefined constant name "Awb0SupportsStructure". ( Template Name : "e4exombase" )
Model Error: D:\TeamcenterX\tc_root\bmide\workspace\14000.0.0\e4exombase\extensions\RqrmtMgmt\BusinessObjects\ReqObjects\e4marketingreqelementsummary.xml Line:59 Column:47 Undefined Business Object "E4Arm0MarketingReqElement" (typeName) in TcTypeConstantAttach element. ( Template Name : "e4exombase" )
Model Error: D:\TeamcenterX\tc_root\bmide\workspace\14000.0.0\e4exombase\extensions\RqrmtMgmt\BusinessObjects\ReqObjects\e4marketingreqelementsummary.xml Line:61 Column:47 Undefined Business Object "E4Arm0MarketingReqElement" (typeName) in TcTypeConstantAttach element. ( Template Name : "e4exombase" )
Model Error: D:\TeamcenterX\tc_root\bmide\workspace\14000.0.0\e4exombase\extensions\RqrmtMgmt\BusinessObjects\ReqObjects\e4technicalreqelementsummary.xml Line:47 Column:47 Undefined Business Object "E4Arm0TechnicalReqElement" (typeName) in TcTypeConstantAttach element. ( Template Name : "e4exombase" )
Model Error: D:\TeamcenterX\tc_root\bmide\workspace\14000.0.0\e4exombase\extensions\RqrmtMgmt\BusinessObjects\ReqObjects\e4technicalreqelementsummary.xml Line:49 Column:47 Undefined Business Object "E4Arm0TechnicalReqElement" (typeName) in TcTypeConstantAttach element. ( Template Name : "e4exombase" )
Model Error: D:\TeamcenterX\tc_root\bmide\workspace\14000.0.0\e4exombase\extensions\RqrmtMgmt\BusinessObjects\ReqObjects\e4regulatoryreqelementsummary.xml Line:51 Column:48 Undefined Business Object "E4Arm0RegulatoryReqElement" (typeName) in TcTypeConstantAttach element. ( Template Name : "e4exombase" )
Model Error: D:\TeamcenterX\tc_root\bmide\workspace\14000.0.0\e4exombase\extensions\RqrmtMgmt\BusinessObjects\ReqObjects\e4regulatoryreqelementsummary.xml Line:53 Column:48 Undefined Business Object "E4Arm0RegulatoryReqElement" (typeName) in TcTypeConstantAttach element. ( Template Name : "e4exombase" )
Model Error: D:\TeamcenterX\tc_root\bmide\workspace\14000.0.0\e4exombase\extensions\RqrmtMgmt\BusinessObjects\ReqObjects\e4marketingreqelementsummary.xml Line:6 Column:73 The OperationInputType "E4Arm0MarketingReqElementCreI" cannot be loaded because the parent Type "Arm0RequirementElementCreI" does not exist. ( Template Name : "e4exombase" )
Model Error: D:\TeamcenterX\tc_root\bmide\workspace\14000.0.0\e4exombase\extensions\RqrmtMgmt\BusinessObjects\ReqObjects\e4marketingreqelementsummary.xml Line:9 Column:73 The OperationInputType "E4Arm0MarketingReqElementSvAI" cannot be loaded because the parent Type "Arm0RequirementElementSvAI" does not exist. ( Template Name : "e4exombase" )
Model Error: D:\TeamcenterX\tc_root\bmide\workspace\14000.0.0\e4exombase\extensions\RqrmtMgmt\BusinessObjects\ReqObjects\e4technicalreqelementsummary.xml Line:6 Column:73 The OperationInputType "E4Arm0TechnicalReqElementCreI" cannot be loaded because the parent Type "Arm0RequirementElementCreI" does not exist. ( Template Name : "e4exombase" )
Model Error: D:\TeamcenterX\tc_root\bmide\workspace\14000.0.0\e4exombase\extensions\RqrmtMgmt\BusinessObjects\ReqObjects\e4technicalreqelementsummary.xml Line:9 Column:73 The OperationInputType "E4Arm0TechnicalReqElementSvAI" cannot be loaded because the parent Type "Arm0RequirementElementSvAI" does not exist. ( Template Name : "e4exombase" )
Model Error: D:\TeamcenterX\tc_root\bmide\workspace\14000.0.0\e4exombase\extensions\RqrmtMgmt\BusinessObjects\ReqObjects\e4regulatoryreqelementsummary.xml Line:6 Column:74 The OperationInputType "E4Arm0RegulatoryReqElementCreI" cannot be loaded because the parent Type "Arm0RequirementElementCreI" does not exist. ( Template Name : "e4exombase" )
Model Error: D:\TeamcenterX\tc_root\bmide\workspace\14000.0.0\e4exombase\extensions\RqrmtMgmt\BusinessObjects\ReqObjects\e4regulatoryreqelementsummary.xml Line:9 Column:74 The OperationInputType "E4Arm0RegulatoryReqElementSvAI" cannot be loaded because the parent Type "Arm0RequirementElementSvAI" does not exist. ( Template Name : "e4exombase" )
Model Error: D:\TeamcenterX\tc_root\bmide\workspace\14000.0.0\e4exombase\extensions\RqrmtMgmt\BusinessObjects\ReqObjects\e4marketingreqelementsummary.xml Line:63 Column:106 Undefined constant name "Awb0BOMToOccurrence". ( Template Name : "e4exombase" )
Model Error: D:\TeamcenterX\tc_root\bmide\workspace\14000.0.0\e4exombase\extensions\RqrmtMgmt\BusinessObjects\ReqObjects\e4marketingreqelementsummary.xml Line:65 Column:124 Undefined constant name "Awb0BOMToOccurrence". ( Template Name : "e4exombase" )
Model Error: D:\TeamcenterX\tc_root\bmide\workspace\14000.0.0\e4exombase\extensions\RqrmtMgmt\BusinessObjects\ReqObjects\e4marketingreqelementsummary.xml Line:67 Column:114 Undefined constant name "Awb0BOMToOccurrence". ( Template Name : "e4exombase" )
Model Error: D:\TeamcenterX\tc_root\bmide\workspace\14000.0.0\e4exombase\extensions\RqrmtMgmt\BusinessObjects\ReqObjects\e4marketingreqelementsummary.xml Line:69 Column:100 Undefined constant name "Awb0BOMToOccurrence". ( Template Name : "e4exombase" )
Model Error: D:\TeamcenterX\tc_root\bmide\workspace\14000.0.0\e4exombase\extensions\RqrmtMgmt\BusinessObjects\ReqObjects\e4marketingreqelementsummary.xml Line:71 Column:110 Undefined constant name "Awb0BOMToOccurrence". ( Template Name : "e4exombase" )
Model Error: D:\TeamcenterX\tc_root\bmide\workspace\14000.0.0\e4exombase\extensions\RqrmtMgmt\BusinessObjects\ReqObjects\e4marketingreqelementsummary.xml Line:73 Column:118 Undefined constant name "Awb0BOMToOccurrence". ( Template Name : "e4exombase" )
Model Error: D:\TeamcenterX\tc_root\bmide\workspace\14000.0.0\e4exombase\extensions\RqrmtMgmt\BusinessObjects\ReqObjects\e4marketingreqelementsummary.xml Line:75 Column:114 Undefined constant name "Awb0BOMToOccurrence". ( Template Name : "e4exombase" )
Model Error: D:\TeamcenterX\tc_root\bmide\workspace\14000.0.0\e4exombase\extensions\RqrmtMgmt\BusinessObjects\ReqObjects\e4marketingreqelementsummary.xml Line:77 Column:136 Undefined constant name "Awb0BOMToOccurrence". ( Template Name : "e4exombase" )
Model Error: D:\TeamcenterX\tc_root\bmide\workspace\14000.0.0\e4exombase\extensions\RqrmtMgmt\BusinessObjects\ReqObjects\e4marketingreqelementsummary.xml Line:79 Column:114 Undefined constant name "Awb0BOMToOccurrence". ( Template Name : "e4exombase" )
Model Error: D:\TeamcenterX\tc_root\bmide\workspace\14000.0.0\e4exombase\extensions\RqrmtMgmt\BusinessObjects\ReqObjects\e4marketingreqelementsummary.xml Line:81 Column:118 Undefined constant name "Awb0BOMToOccurrence". ( Template Name : "e4exombase" )
Model Error: D:\TeamcenterX\tc_root\bmide\workspace\14000.0.0\e4exombase\extensions\RqrmtMgmt\BusinessObjects\ReqObjects\e4marketingreqelementsummary.xml Line:83 Column:110 Undefined constant name "Awb0BOMToOccurrence". ( Template Name : "e4exombase" )
Model Error: D:\TeamcenterX\tc_root\bmide\workspace\14000.0.0\e4exombase\extensions\RqrmtMgmt\BusinessObjects\ReqObjects\e4technicalreqelementsummary.xml Line:51 Column:112 Undefined constant name "Awb0BOMToOccurrence". ( Template Name : "e4exombase" )
Model Error: D:\TeamcenterX\tc_root\bmide\workspace\14000.0.0\e4exombase\extensions\RqrmtMgmt\BusinessObjects\ReqObjects\e4technicalreqelementsummary.xml Line:53 Column:132 Undefined constant name "Awb0BOMToOccurrence". ( Template Name : "e4exombase" )
Model Error: D:\TeamcenterX\tc_root\bmide\workspace\14000.0.0\e4exombase\extensions\RqrmtMgmt\BusinessObjects\ReqObjects\e4technicalreqelementsummary.xml Line:55 Column:120 Undefined constant name "Awb0BOMToOccurrence". ( Template Name : "e4exombase" )
Model Error: D:\TeamcenterX\tc_root\bmide\workspace\14000.0.0\e4exombase\extensions\RqrmtMgmt\BusinessObjects\ReqObjects\e4technicalreqelementsummary.xml Line:57 Column:126 Undefined constant name "Awb0BOMToOccurrence". ( Template Name : "e4exombase" )
Model Error: D:\TeamcenterX\tc_root\bmide\workspace\14000.0.0\e4exombase\extensions\RqrmtMgmt\BusinessObjects\ReqObjects\e4technicalreqelementsummary.xml Line:59 Column:124 Undefined constant name "Awb0BOMToOccurrence". ( Template Name : "e4exombase" )
Model Error: D:\TeamcenterX\tc_root\bmide\workspace\14000.0.0\e4exombase\extensions\RqrmtMgmt\BusinessObjects\ReqObjects\e4technicalreqelementsummary.xml Line:61 Column:126 Undefined constant name "Awb0BOMToOccurrence". ( Template Name : "e4exombase" )
Model Error: D:\TeamcenterX\tc_root\bmide\workspace\14000.0.0\e4exombase\extensions\RqrmtMgmt\BusinessObjects\ReqObjects\e4technicalreqelementsummary.xml Line:63 Column:126 Undefined constant name "Awb0BOMToOccurrence". ( Template Name : "e4exombase" )
Model Error: D:\TeamcenterX\tc_root\bmide\workspace\14000.0.0\e4exombase\extensions\RqrmtMgmt\BusinessObjects\ReqObjects\e4technicalreqelementsummary.xml Line:65 Column:114 Undefined constant name "Awb0BOMToOccurrence". ( Template Name : "e4exombase" )
Model Error: D:\TeamcenterX\tc_root\bmide\workspace\14000.0.0\e4exombase\extensions\RqrmtMgmt\BusinessObjects\ReqObjects\e4regulatoryreqelementsummary.xml Line:55 Column:110 Undefined constant name "Awb0BOMToOccurrence". ( Template Name : "e4exombase" )
Model Error: D:\TeamcenterX\tc_root\bmide\workspace\14000.0.0\e4exombase\extensions\RqrmtMgmt\BusinessObjects\ReqObjects\e4regulatoryreqelementsummary.xml Line:57 Column:128 Undefined constant name "Awb0BOMToOccurrence". ( Template Name : "e4exombase" )
Model Error: D:\TeamcenterX\tc_root\bmide\workspace\14000.0.0\e4exombase\extensions\RqrmtMgmt\BusinessObjects\ReqObjects\e4regulatoryreqelementsummary.xml Line:59 Column:126 Undefined constant name "Awb0BOMToOccurrence". ( Template Name : "e4exombase" )
Model Error: D:\TeamcenterX\tc_root\bmide\workspace\14000.0.0\e4exombase\extensions\RqrmtMgmt\BusinessObjects\ReqObjects\e4regulatoryreqelementsummary.xml Line:61 Column:126 Undefined constant name "Awb0BOMToOccurrence". ( Template Name : "e4exombase" )
Model Error: D:\TeamcenterX\tc_root\bmide\workspace\14000.0.0\e4exombase\extensions\RqrmtMgmt\BusinessObjects\ReqObjects\e4regulatoryreqelementsummary.xml Line:63 Column:114 Undefined constant name "Awb0BOMToOccurrence". ( Template Name : "e4exombase" )
Model Error: D:\TeamcenterX\tc_root\bmide\workspace\14000.0.0\e4exombase\extensions\RqrmtMgmt\BusinessObjects\ReqObjects\e4regulatoryreqelementsummary.xml Line:65 Column:112 Undefined constant name "Awb0BOMToOccurrence". ( Template Name : "e4exombase" )
Model Error: D:\TeamcenterX\tc_root\bmide\workspace\14000.0.0\e4exombase\extensions\RqrmtMgmt\BusinessObjects\ReqObjects\e4regulatoryreqelementsummary.xml Line:67 Column:140 Undefined constant name "Awb0BOMToOccurrence". ( Template Name : "e4exombase" )
Model Error: D:\TeamcenterX\tc_root\bmide\workspace\14000.0.0\e4exombase\extensions\RqrmtMgmt\BusinessObjects\ReqObjects\e4regulatoryreqelementsummary.xml Line:69 Column:118 Undefined constant name "Awb0BOMToOccurrence". ( Template Name : "e4exombase" )
Model Error: D:\TeamcenterX\tc_root\bmide\workspace\14000.0.0\e4exombase\extensions\RqrmtMgmt\BusinessObjects\ReqObjects\e4regulatoryreqelementsummary.xml Line:71 Column:112 Undefined constant name "Awb0BOMToOccurrence". ( Template Name : "e4exombase" )
Model Error: D:\TeamcenterX\tc_root\bmide\workspace\14000.0.0\e4exombase\extensions\lang\en_US\RqrmtMgmt\BusinessObjects\ReqObjects\e4marketingreqelementsummary_en_US.xml Line:5 Column:126 Undefined Business Object "E4Arm0MarketingReqElement" (TcStandardType) in BusinessObject{::}E4Arm0MarketingReqElement element. ( Template Name : "e4exombase" )
Model Error: D:\TeamcenterX\tc_root\bmide\workspace\14000.0.0\e4exombase\extensions\lang\en_US\RqrmtMgmt\BusinessObjects\ReqObjects\e4technicalreqelementsummary_en_US.xml Line:5 Column:126 Undefined Business Object "E4Arm0TechnicalReqElement" (TcStandardType) in BusinessObject{::}E4Arm0TechnicalReqElement element. ( Template Name : "e4exombase" )
Model Error: D:\TeamcenterX\tc_root\bmide\workspace\14000.0.0\e4exombase\extensions\lang\en_US\RqrmtMgmt\BusinessObjects\ReqObjects\e4regulatoryreqelementsummary_en_US.xml Line:5 Column:128 Undefined Business Object "E4Arm0RegulatoryReqElement" (TcStandardType) in BusinessObject{::}E4Arm0RegulatoryReqElement element. ( Template Name : "e4exombase" )
--------------------------------------------------------------------------------
--------------------------------------------------------------------------------
Date: 10-Jun-2024_17-21-36
--------------------------------------------------------------------------------
Loading project: "e4exombase"
Model Information: D:\TeamcenterX\tc_root\bmide\templates\arm1awreqmgmtse_template.xml Line:89 Column:131 The element(Event Type = Arm1ImportAsCopyComplete)( defined in D:\TeamcenterX\tc_root\bmide\templates\arm1awreqmgmtse_template.xml ) is identical to the element defined in D:\TeamcenterX\tc_root\bmide\templates\arm1awreqmgmtse_template.xml. Hence the element( defined in D:\TeamcenterX\tc_root\bmide\templates\arm1awreqmgmtse_template.xml ) was ignored and not loaded.
Model Information: D:\TeamcenterX\tc_root\bmide\templates\arm1awreqmgmtse_template.xml Line:91 Column:307 The element(Event Type Mapping = WorkspaceObject:Arm1ImportAsCopyComplete)( defined in D:\TeamcenterX\tc_root\bmide\templates\arm1awreqmgmtse_template.xml ) is identical to the element defined in D:\TeamcenterX\tc_root\bmide\templates\arm1awreqmgmtse_template.xml. Hence the element( defined in D:\TeamcenterX\tc_root\bmide\templates\arm1awreqmgmtse_template.xml ) was ignored and not loaded.
--------------------------------------------------------------------------------
--------------------------------------------------------------------------------
Date: 20-Jun-2024_19-24-24
--------------------------------------------------------------------------------
Loading project: "e4exombase"
Model Information: D:\TeamcenterX\tc_root\bmide\templates\arm1awreqmgmtse_template.xml Line:89 Column:131 The element(Event Type = Arm1ImportAsCopyComplete)( defined in D:\TeamcenterX\tc_root\bmide\templates\arm1awreqmgmtse_template.xml ) is identical to the element defined in D:\TeamcenterX\tc_root\bmide\templates\arm1awreqmgmtse_template.xml. Hence the element( defined in D:\TeamcenterX\tc_root\bmide\templates\arm1awreqmgmtse_template.xml ) was ignored and not loaded.
Model Information: D:\TeamcenterX\tc_root\bmide\templates\arm1awreqmgmtse_template.xml Line:91 Column:307 The element(Event Type Mapping = WorkspaceObject:Arm1ImportAsCopyComplete)( defined in D:\TeamcenterX\tc_root\bmide\templates\arm1awreqmgmtse_template.xml ) is identical to the element defined in D:\TeamcenterX\tc_root\bmide\templates\arm1awreqmgmtse_template.xml. Hence the element( defined in D:\TeamcenterX\tc_root\bmide\templates\arm1awreqmgmtse_template.xml ) was ignored and not loaded.
--------------------------------------------------------------------------------
--------------------------------------------------------------------------------
Date: 20-Jun-2024_22-15-01
--------------------------------------------------------------------------------
Loading project: "e4exombase"
Model Information: D:\TeamcenterX\tc_root\bmide\templates\arm1awreqmgmtse_template.xml Line:89 Column:131 The element(Event Type = Arm1ImportAsCopyComplete)( defined in D:\TeamcenterX\tc_root\bmide\templates\arm1awreqmgmtse_template.xml ) is identical to the element defined in D:\TeamcenterX\tc_root\bmide\templates\arm1awreqmgmtse_template.xml. Hence the element( defined in D:\TeamcenterX\tc_root\bmide\templates\arm1awreqmgmtse_template.xml ) was ignored and not loaded.
Model Information: D:\TeamcenterX\tc_root\bmide\templates\arm1awreqmgmtse_template.xml Line:91 Column:307 The element(Event Type Mapping = WorkspaceObject:Arm1ImportAsCopyComplete)( defined in D:\TeamcenterX\tc_root\bmide\templates\arm1awreqmgmtse_template.xml ) is identical to the element defined in D:\TeamcenterX\tc_root\bmide\templates\arm1awreqmgmtse_template.xml. Hence the element( defined in D:\TeamcenterX\tc_root\bmide\templates\arm1awreqmgmtse_template.xml ) was ignored and not loaded.
--------------------------------------------------------------------------------
